Semilla: 23
Tolerancia relativa: 0.002

Trafico/s promediado/s en a:
Probabilidad de bloqueo estimada: 0.181168
	Confidence interval 1: (0.180153,0.182183) with coverage: 0.95
	Confidence interval 2: (0.17953,0.182805) with coverage: 0.999609
	Number of samples: 1786500
	Variance: 0.148346
	Standard deviation: 0.385157
	Maximum sample: 1
	Minimum sample: 0

Trafico/s promediado/s en b:
Probabilidad de bloqueo estimada: 0.355896
	Confidence interval 1: (0.354647,0.357144) with coverage: 0.95
	Confidence interval 2: (0.354607,0.357184) with coverage: 0.956286
	Number of samples: 891003
	Variance: 0.229234
	Standard deviation: 0.478784
	Maximum sample: 1
	Minimum sample: 0

Trafico/s promediado/s en c:
Probabilidad de bloqueo estimada: 0.264733
	Confidence interval 1: (0.263751,0.265715) with coverage: 0.95
	Confidence interval 2: (0.263262,0.266203) with coverage: 0.997584
	Number of samples: 2008414
	Variance: 0.194649
	Standard deviation: 0.441191
	Maximum sample: 1
	Minimum sample: 0

Trafico/s promediado/s en d:
Probabilidad de bloqueo estimada: 0.243213
	Confidence interval 1: (0.241994,0.244431) with coverage: 0.95
	Confidence interval 2: (0.241699,0.244726) with coverage: 0.98371
	Number of samples: 894781
	Variance: 0.18406
	Standard deviation: 0.429023
	Maximum sample: 1
	Minimum sample: 0

Trafico/s promediado/s en e:
Probabilidad de bloqueo estimada: 0.2433
	Confidence interval 1: (0.242062,0.244538) with coverage: 0.95
	Confidence interval 2: (0.241787,0.244813) with coverage: 0.982007
	Number of samples: 892047
	Variance: 0.184105
	Standard deviation: 0.429075
	Maximum sample: 1
	Minimum sample: 0

Trafico/s promediado/s en f:
Probabilidad de bloqueo estimada: 0.355357
	Confidence interval 1: (0.354234,0.35648) with coverage: 0.95
	Confidence interval 2: (0.354068,0.356647) with coverage: 0.974407
	Number of samples: 1115410
	Variance: 0.229079
	Standard deviation: 0.478622
	Maximum sample: 1
	Minimum sample: 0

