Semilla: 23
Tolerancia relativa: 0.002

Trafico/s promediado/s en a:
Probabilidad de bloqueo estimada: 0.11671
	Confidence interval 1: (0.11605,0.11737) with coverage: 0.95
	Confidence interval 2: (0.114944,0.118477) with coverage: 0.999998
	Number of samples: 1971781
	Variance: 0.103089
	Standard deviation: 0.321075
	Maximum sample: 1
	Minimum sample: 0

Trafico/s promediado/s en b:
Probabilidad de bloqueo estimada: 0.277144
	Confidence interval 1: (0.275874,0.278414) with coverage: 0.95
	Confidence interval 2: (0.275699,0.27859) with coverage: 0.973092
	Number of samples: 983040
	Variance: 0.200336
	Standard deviation: 0.447589
	Maximum sample: 1
	Minimum sample: 0

Trafico/s promediado/s en c:
Probabilidad de bloqueo estimada: 0.167655
	Confidence interval 1: (0.166558,0.168753) with coverage: 0.95
	Confidence interval 2: (0.165991,0.16932) with coverage: 0.998069
	Number of samples: 2216418
	Variance: 0.139547
	Standard deviation: 0.37356
	Maximum sample: 1
	Minimum sample: 0

Trafico/s promediado/s en d:
Probabilidad de bloqueo estimada: 0.151145
	Confidence interval 1: (0.150165,0.152125) with coverage: 0.95
	Confidence interval 2: (0.149447,0.152843) with coverage: 0.999029
	Number of samples: 986502
	Variance: 0.1283
	Standard deviation: 0.35819
	Maximum sample: 1
	Minimum sample: 0

Trafico/s promediado/s en e:
Probabilidad de bloqueo estimada: 0.151373
	Confidence interval 1: (0.150451,0.152295) with coverage: 0.95
	Confidence interval 2: (0.149676,0.153071) with coverage: 0.999575
	Number of samples: 985022
	Variance: 0.12846
	Standard deviation: 0.358413
	Maximum sample: 1
	Minimum sample: 0

Trafico/s promediado/s en f:
Probabilidad de bloqueo estimada: 0.259193
	Confidence interval 1: (0.258098,0.260287) with coverage: 0.95
	Confidence interval 2: (0.257711,0.260674) with coverage: 0.992709
	Number of samples: 1230703
	Variance: 0.192012
	Standard deviation: 0.438192
	Maximum sample: 1
	Minimum sample: 0

