Semilla: 23
Tolerancia relativa: 0.002

Trafico/s promediado/s en a:
Probabilidad de bloqueo estimada: 0.139765
	Confidence interval 1: (0.138765,0.140765) with coverage: 0.95
	Confidence interval 2: (0.138044,0.141485) with coverage: 0.998949
	Number of samples: 1773272
	Variance: 0.120231
	Standard deviation: 0.346743
	Maximum sample: 1
	Minimum sample: 0

Trafico/s promediado/s en b:
Probabilidad de bloqueo estimada: 0.305829
	Confidence interval 1: (0.30445,0.307208) with coverage: 0.95
	Confidence interval 2: (0.304441,0.307217) with coverage: 0.951328
	Number of samples: 883533
	Variance: 0.212298
	Standard deviation: 0.460758
	Maximum sample: 1
	Minimum sample: 0

Trafico/s promediado/s en c:
Probabilidad de bloqueo estimada: 0.201988
	Confidence interval 1: (0.200968,0.203008) with coverage: 0.95
	Confidence interval 2: (0.200392,0.203584) with coverage: 0.998808
	Number of samples: 1993598
	Variance: 0.161189
	Standard deviation: 0.401483
	Maximum sample: 1
	Minimum sample: 0

Trafico/s promediado/s en d:
Probabilidad de bloqueo estimada: 0.183466
	Confidence interval 1: (0.182201,0.184731) with coverage: 0.95
	Confidence interval 2: (0.181833,0.185099) with coverage: 0.987107
	Number of samples: 886502
	Variance: 0.149806
	Standard deviation: 0.387048
	Maximum sample: 1
	Minimum sample: 0

Trafico/s promediado/s en e:
Probabilidad de bloqueo estimada: 0.183207
	Confidence interval 1: (0.182174,0.184241) with coverage: 0.95
	Confidence interval 2: (0.181574,0.184841) with coverage: 0.999061
	Number of samples: 885576
	Variance: 0.149643
	Standard deviation: 0.386837
	Maximum sample: 1
	Minimum sample: 0

Trafico/s promediado/s en f:
Probabilidad de bloqueo estimada: 0.293449
	Confidence interval 1: (0.292214,0.294685) with coverage: 0.95
	Confidence interval 2: (0.292036,0.294863) with coverage: 0.973819
	Number of samples: 1106279
	Variance: 0.207337
	Standard deviation: 0.455343
	Maximum sample: 1
	Minimum sample: 0

