Semilla: 23
Tolerancia relativa: 0.002

Trafico/s promediado/s en a:
Probabilidad de bloqueo estimada: 0.200812
	Confidence interval 1: (0.199828,0.201795) with coverage: 0.95
	Confidence interval 2: (0.199213,0.20241) with coverage: 0.999799
	Number of samples: 1969413
	Variance: 0.160486
	Standard deviation: 0.400608
	Maximum sample: 1
	Minimum sample: 0

Trafico/s promediado/s en b:
Probabilidad de bloqueo estimada: 0.376494
	Confidence interval 1: (0.375257,0.377732) with coverage: 0.95
	Confidence interval 2: (0.375247,0.377741) with coverage: 0.951552
	Number of samples: 983040
	Variance: 0.234747
	Standard deviation: 0.484507
	Maximum sample: 1
	Minimum sample: 0

Trafico/s promediado/s en c:
Probabilidad de bloqueo estimada: 0.294524
	Confidence interval 1: (0.29358,0.295467) with coverage: 0.95
	Confidence interval 2: (0.293113,0.295935) with coverage: 0.997551
	Number of samples: 2214277
	Variance: 0.20778
	Standard deviation: 0.455828
	Maximum sample: 1
	Minimum sample: 0

Trafico/s promediado/s en d:
Probabilidad de bloqueo estimada: 0.270847
	Confidence interval 1: (0.269731,0.271963) with coverage: 0.95
	Confidence interval 2: (0.269389,0.272305) with coverage: 0.988172
	Number of samples: 985497
	Variance: 0.197489
	Standard deviation: 0.444398
	Maximum sample: 1
	Minimum sample: 0

Trafico/s promediado/s en e:
Probabilidad de bloqueo estimada: 0.270853
	Confidence interval 1: (0.269888,0.271819) with coverage: 0.95
	Confidence interval 2: (0.269395,0.272312) with coverage: 0.997956
	Number of samples: 983314
	Variance: 0.197492
	Standard deviation: 0.444401
	Maximum sample: 1
	Minimum sample: 0

Trafico/s promediado/s en f:
Probabilidad de bloqueo estimada: 0.382296
	Confidence interval 1: (0.381236,0.383355) with coverage: 0.95
	Confidence interval 2: (0.38106,0.383531) with coverage: 0.976453
	Number of samples: 1229057
	Variance: 0.236146
	Standard deviation: 0.485948
	Maximum sample: 1
	Minimum sample: 0

