Semilla: 23
Tolerancia relativa: 0.002

Trafico/s promediado/s en a:
Probabilidad de bloqueo estimada: 0.359786
	Confidence interval 1: (0.359071,0.360502) with coverage: 0.95
	Confidence interval 2: (0.358506,0.361067) with coverage: 0.999362
	Number of samples: 3101529
	Variance: 0.23034
	Standard deviation: 0.479938
	Maximum sample: 1
	Minimum sample: 0

Trafico/s promediado/s en b:
Probabilidad de bloqueo estimada: 0.52741
	Confidence interval 1: (0.526558,0.528262) with coverage: 0.95
	Confidence interval 2: (0.526465,0.528355) with coverage: 0.96917
	Number of samples: 1547798
	Variance: 0.249249
	Standard deviation: 0.499248
	Maximum sample: 1
	Minimum sample: 0

Trafico/s promediado/s en c:
Probabilidad de bloqueo estimada: 0.522787
	Confidence interval 1: (0.522098,0.523475) with coverage: 0.95
	Confidence interval 2: (0.521832,0.523741) with coverage: 0.994146
	Number of samples: 3488671
	Variance: 0.249481
	Standard deviation: 0.499481
	Maximum sample: 1
	Minimum sample: 0

Trafico/s promediado/s en d:
Probabilidad de bloqueo estimada: 0.495774
	Confidence interval 1: (0.494809,0.496739) with coverage: 0.95
	Confidence interval 2: (0.494765,0.496782) with coverage: 0.958882
	Number of samples: 1551676
	Variance: 0.249982
	Standard deviation: 0.499982
	Maximum sample: 1
	Minimum sample: 0

Trafico/s promediado/s en e:
Probabilidad de bloqueo estimada: 0.495839
	Confidence interval 1: (0.495084,0.496595) with coverage: 0.95
	Confidence interval 2: (0.494831,0.496848) with coverage: 0.989752
	Number of samples: 1549464
	Variance: 0.249983
	Standard deviation: 0.499983
	Maximum sample: 1
	Minimum sample: 0

Trafico/s promediado/s en f:
Probabilidad de bloqueo estimada: 0.588892
	Confidence interval 1: (0.588246,0.589538) with coverage: 0.95
	Confidence interval 2: (0.58807,0.589714) with coverage: 0.98587
	Number of samples: 1936004
	Variance: 0.242098
	Standard deviation: 0.492035
	Maximum sample: 1
	Minimum sample: 0

