Semilla: 23
Tolerancia relativa: 0.002

Trafico/s promediado/s en a:
Probabilidad de bloqueo estimada: 0.236626
	Confidence interval 1: (0.235946,0.237306) with coverage: 0.95
	Confidence interval 2: (0.235099,0.238153) with coverage: 0.999966
	Number of samples: 2370424
	Variance: 0.180634
	Standard deviation: 0.425011
	Maximum sample: 1
	Minimum sample: 0

Trafico/s promediado/s en b:
Probabilidad de bloqueo estimada: 0.4131
	Confidence interval 1: (0.411996,0.414203) with coverage: 0.95
	Confidence interval 2: (0.411926,0.414274) with coverage: 0.962164
	Number of samples: 1182869
	Variance: 0.242449
	Standard deviation: 0.492391
	Maximum sample: 1
	Minimum sample: 0

Trafico/s promediado/s en c:
Probabilidad de bloqueo estimada: 0.347403
	Confidence interval 1: (0.346472,0.348335) with coverage: 0.95
	Confidence interval 2: (0.346098,0.348708) with coverage: 0.994695
	Number of samples: 2663357
	Variance: 0.226714
	Standard deviation: 0.476145
	Maximum sample: 1
	Minimum sample: 0

Trafico/s promediado/s en d:
Probabilidad de bloqueo estimada: 0.322759
	Confidence interval 1: (0.321621,0.323896) with coverage: 0.95
	Confidence interval 2: (0.321404,0.324113) with coverage: 0.979045
	Number of samples: 1185542
	Variance: 0.218586
	Standard deviation: 0.467532
	Maximum sample: 1
	Minimum sample: 0

Trafico/s promediado/s en e:
Probabilidad de bloqueo estimada: 0.322295
	Confidence interval 1: (0.321347,0.323244) with coverage: 0.95
	Confidence interval 2: (0.32094,0.323651) with coverage: 0.995704
	Number of samples: 1183617
	Variance: 0.218421
	Standard deviation: 0.467356
	Maximum sample: 1
	Minimum sample: 0

Trafico/s promediado/s en f:
Probabilidad de bloqueo estimada: 0.43158
	Confidence interval 1: (0.430629,0.432532) with coverage: 0.95
	Confidence interval 2: (0.430443,0.432717) with coverage: 0.97948
	Number of samples: 1478515
	Variance: 0.245319
	Standard deviation: 0.495297
	Maximum sample: 1
	Minimum sample: 0

