Semilla: 23
Tolerancia relativa: 0.002

Trafico/s promediado/s en a:
Probabilidad de bloqueo estimada: 0.324444
	Confidence interval 1: (0.323829,0.32506) with coverage: 0.95
	Confidence interval 2: (0.323093,0.325795) with coverage: 0.999948
	Number of samples: 3023093
	Variance: 0.21918
	Standard deviation: 0.468167
	Maximum sample: 1
	Minimum sample: 0

Trafico/s promediado/s en b:
Probabilidad de bloqueo estimada: 0.497228
	Confidence interval 1: (0.496276,0.49818) with coverage: 0.95
	Confidence interval 2: (0.496223,0.498234) with coverage: 0.961018
	Number of samples: 1509424
	Variance: 0.249992
	Standard deviation: 0.499992
	Maximum sample: 1
	Minimum sample: 0

Trafico/s promediado/s en c:
Probabilidad de bloqueo estimada: 0.474296
	Confidence interval 1: (0.473548,0.475044) with coverage: 0.95
	Confidence interval 2: (0.473244,0.475347) with coverage: 0.994867
	Number of samples: 3400335
	Variance: 0.249339
	Standard deviation: 0.499339
	Maximum sample: 1
	Minimum sample: 0

Trafico/s promediado/s en d:
Probabilidad de bloqueo estimada: 0.447569
	Confidence interval 1: (0.446551,0.448586) with coverage: 0.95
	Confidence interval 2: (0.446464,0.448673) with coverage: 0.965846
	Number of samples: 1512242
	Variance: 0.247251
	Standard deviation: 0.497244
	Maximum sample: 1
	Minimum sample: 0

Trafico/s promediado/s en e:
Probabilidad de bloqueo estimada: 0.447832
	Confidence interval 1: (0.446979,0.448685) with coverage: 0.95
	Confidence interval 2: (0.446728,0.448936) with coverage: 0.987471
	Number of samples: 1509720
	Variance: 0.247279
	Standard deviation: 0.497271
	Maximum sample: 1
	Minimum sample: 0

Trafico/s promediado/s en f:
Probabilidad de bloqueo estimada: 0.545526
	Confidence interval 1: (0.544726,0.546326) with coverage: 0.95
	Confidence interval 2: (0.544617,0.546435) with coverage: 0.972808
	Number of samples: 1887327
	Variance: 0.247928
	Standard deviation: 0.497923
	Maximum sample: 1
	Minimum sample: 0

