Semilla: 23
Tolerancia relativa: 0.002

Trafico/s promediado/s en a:
Probabilidad de bloqueo estimada: 0.253487
	Confidence interval 1: (0.25275,0.254225) with coverage: 0.95
	Confidence interval 2: (0.251994,0.25498) with coverage: 0.999989
	Number of samples: 2876006
	Variance: 0.189232
	Standard deviation: 0.435008
	Maximum sample: 1
	Minimum sample: 0

Trafico/s promediado/s en b:
Probabilidad de bloqueo estimada: 0.430403
	Confidence interval 1: (0.429286,0.431521) with coverage: 0.95
	Confidence interval 2: (0.429264,0.431543) with coverage: 0.953944
	Number of samples: 1435451
	Variance: 0.245156
	Standard deviation: 0.495133
	Maximum sample: 1
	Minimum sample: 0

Trafico/s promediado/s en c:
Probabilidad de bloqueo estimada: 0.371925
	Confidence interval 1: (0.371089,0.372761) with coverage: 0.95
	Confidence interval 2: (0.370669,0.373181) with coverage: 0.99773
	Number of samples: 3236516
	Variance: 0.233597
	Standard deviation: 0.483319
	Maximum sample: 1
	Minimum sample: 0

Trafico/s promediado/s en d:
Probabilidad de bloqueo estimada: 0.34691
	Confidence interval 1: (0.345818,0.348001) with coverage: 0.95
	Confidence interval 2: (0.345604,0.348216) with coverage: 0.979741
	Number of samples: 1439521
	Variance: 0.226564
	Standard deviation: 0.475987
	Maximum sample: 1
	Minimum sample: 0

Trafico/s promediado/s en e:
Probabilidad de bloqueo estimada: 0.346138
	Confidence interval 1: (0.345094,0.347182) with coverage: 0.95
	Confidence interval 2: (0.34483,0.347446) with coverage: 0.984523
	Number of samples: 1437467
	Variance: 0.226327
	Standard deviation: 0.475738
	Maximum sample: 1
	Minimum sample: 0

Trafico/s promediado/s en f:
Probabilidad de bloqueo estimada: 0.454435
	Confidence interval 1: (0.453542,0.455329) with coverage: 0.95
	Confidence interval 2: (0.453344,0.455526) with coverage: 0.981937
	Number of samples: 1795723
	Variance: 0.247924
	Standard deviation: 0.49792
	Maximum sample: 1
	Minimum sample: 0

