Semilla: 23
Tolerancia relativa: 0.002

Trafico/s promediado/s en a:
Probabilidad de bloqueo estimada: 0.348699
	Confidence interval 1: (0.34802,0.349378) with coverage: 0.95
	Confidence interval 2: (0.347397,0.350002) with coverage: 0.999807
	Number of samples: 3065892
	Variance: 0.227108
	Standard deviation: 0.476559
	Maximum sample: 1
	Minimum sample: 0

Trafico/s promediado/s en b:
Probabilidad de bloqueo estimada: 0.518021
	Confidence interval 1: (0.517108,0.518934) with coverage: 0.95
	Confidence interval 2: (0.517057,0.518985) with coverage: 0.9608
	Number of samples: 1530554
	Variance: 0.249675
	Standard deviation: 0.499675
	Maximum sample: 1
	Minimum sample: 0

Trafico/s promediado/s en c:
Probabilidad de bloqueo estimada: 0.507289
	Confidence interval 1: (0.506487,0.508091) with coverage: 0.95
	Confidence interval 2: (0.506304,0.508274) with coverage: 0.982559
	Number of samples: 3448675
	Variance: 0.249947
	Standard deviation: 0.499947
	Maximum sample: 1
	Minimum sample: 0

Trafico/s promediado/s en d:
Probabilidad de bloqueo estimada: 0.481276
	Confidence interval 1: (0.480345,0.482207) with coverage: 0.95
	Confidence interval 2: (0.480239,0.482314) with coverage: 0.969903
	Number of samples: 1533240
	Variance: 0.24965
	Standard deviation: 0.499649
	Maximum sample: 1
	Minimum sample: 0

Trafico/s promediado/s en e:
Probabilidad de bloqueo estimada: 0.481467
	Confidence interval 1: (0.480632,0.482301) with coverage: 0.95
	Confidence interval 2: (0.48043,0.482504) with coverage: 0.983788
	Number of samples: 1532372
	Variance: 0.249657
	Standard deviation: 0.499657
	Maximum sample: 1
	Minimum sample: 0

Trafico/s promediado/s en f:
Probabilidad de bloqueo estimada: 0.575424
	Confidence interval 1: (0.574617,0.576231) with coverage: 0.95
	Confidence interval 2: (0.574575,0.576273) with coverage: 0.960282
	Number of samples: 1914449
	Variance: 0.244311
	Standard deviation: 0.494279
	Maximum sample: 1
	Minimum sample: 0

