Semilla: 23
Tolerancia relativa: 0.002

Trafico/s promediado/s en a:
Probabilidad de bloqueo estimada: 0.00532513
	Confidence interval 1: (0.00477082,0.00587943) with coverage: 0.95
	Confidence interval 2: (0.00333578,0.00731448) with coverage: 0.999998
	Number of samples: 217084
	Variance: 0.0052968
	Standard deviation: 0.0727791
	Maximum sample: 1
	Minimum sample: 0

Trafico/s promediado/s en b:
Probabilidad de bloqueo estimada: 0.0029263
	Confidence interval 1: (0.0023497,0.0035029) with coverage: 0.95
	Confidence interval 2: (0.00093215,0.00492045) with coverage: 0.999998
	Number of samples: 108328
	Variance: 0.00291776
	Standard deviation: 0.0540163
	Maximum sample: 1
	Minimum sample: 0

Trafico/s promediado/s en c:
Probabilidad de bloqueo estimada: 0.0157496
	Confidence interval 1: (0.0137617,0.0177376) with coverage: 0.95
	Confidence interval 2: (0.0137811,0.0177181) with coverage: 0.950403
	Number of samples: 54541
	Variance: 0.0155019
	Standard deviation: 0.124506
	Maximum sample: 1
	Minimum sample: 0

Trafico/s promediado/s en d:
Probabilidad de bloqueo estimada: 0.010261
	Confidence interval 1: (0.00913347,0.0113886) with coverage: 0.95
	Confidence interval 2: (0.00828154,0.0122405) with coverage: 0.999072
	Number of samples: 162557
	Variance: 0.0101558
	Standard deviation: 0.100776
	Maximum sample: 1
	Minimum sample: 0

Trafico/s promediado/s en e:
Probabilidad de bloqueo estimada: 0.00602753
	Confidence interval 1: (0.00447609,0.00757897) with coverage: 0.95
	Confidence interval 2: (0.00403958,0.00801547) with coverage: 0.98567
	Number of samples: 54417
	Variance: 0.00599131
	Standard deviation: 0.0774035
	Maximum sample: 1
	Minimum sample: 0

