Semilla: 23
Tolerancia relativa: 0.002

Trafico/s promediado/s en a:
Probabilidad de bloqueo estimada: 0.0458175
	Confidence interval 1: (0.0453109,0.0463241) with coverage: 0.95
	Confidence interval 2: (0.0439092,0.0477259) with coverage: 0.999998
	Number of samples: 1474894
	Variance: 0.0437183
	Standard deviation: 0.209089
	Maximum sample: 1
	Minimum sample: 0

Trafico/s promediado/s en b:
Probabilidad de bloqueo estimada: 0.0261431
	Confidence interval 1: (0.0254439,0.0268423) with coverage: 0.95
	Confidence interval 2: (0.0241954,0.0280908) with coverage: 0.999998
	Number of samples: 737518
	Variance: 0.0254597
	Standard deviation: 0.159561
	Maximum sample: 1
	Minimum sample: 0

Trafico/s promediado/s en c:
Probabilidad de bloqueo estimada: 0.119756
	Confidence interval 1: (0.11803,0.121483) with coverage: 0.95
	Confidence interval 2: (0.117996,0.121517) with coverage: 0.953937
	Number of samples: 368640
	Variance: 0.105415
	Standard deviation: 0.324677
	Maximum sample: 1
	Minimum sample: 0

Trafico/s promediado/s en d:
Probabilidad de bloqueo estimada: 0.08912
	Confidence interval 1: (0.0880003,0.0902396) with coverage: 0.95
	Confidence interval 2: (0.0872982,0.0909417) with coverage: 0.999851
	Number of samples: 1107866
	Variance: 0.0811777
	Standard deviation: 0.284917
	Maximum sample: 1
	Minimum sample: 0

Trafico/s promediado/s en e:
Probabilidad de bloqueo estimada: 0.0520652
	Confidence interval 1: (0.0507225,0.053408) with coverage: 0.95
	Confidence interval 2: (0.0501693,0.0539611) with coverage: 0.995095
	Number of samples: 369575
	Variance: 0.0493546
	Standard deviation: 0.222159
	Maximum sample: 1
	Minimum sample: 0

