Semilla: 23
Tolerancia relativa: 0.002

Trafico/s promediado/s en a:
Probabilidad de bloqueo estimada: 0.0273135
	Confidence interval 1: (0.0266698,0.0279572) with coverage: 0.95
	Confidence interval 2: (0.0253681,0.0292589) with coverage: 0.999998
	Number of samples: 1034471
	Variance: 0.0265675
	Standard deviation: 0.162995
	Maximum sample: 1
	Minimum sample: 0

Trafico/s promediado/s en b:
Probabilidad de bloqueo estimada: 0.0147169
	Confidence interval 1: (0.0139835,0.0154502) with coverage: 0.95
	Confidence interval 2: (0.0127463,0.0166874) with coverage: 0.999999
	Number of samples: 518385
	Variance: 0.0145003
	Standard deviation: 0.120417
	Maximum sample: 1
	Minimum sample: 0

Trafico/s promediado/s en c:
Probabilidad de bloqueo estimada: 0.0729492
	Confidence interval 1: (0.071216,0.0746824) with coverage: 0.95
	Confidence interval 2: (0.0710951,0.0748033) with coverage: 0.964041
	Number of samples: 257933
	Variance: 0.0676279
	Standard deviation: 0.260054
	Maximum sample: 1
	Minimum sample: 0

Trafico/s promediado/s en d:
Probabilidad de bloqueo estimada: 0.053381
	Confidence interval 1: (0.0522708,0.0544911) with coverage: 0.95
	Confidence interval 2: (0.0514877,0.0552742) with coverage: 0.998881
	Number of samples: 776494
	Variance: 0.0505315
	Standard deviation: 0.224792
	Maximum sample: 1
	Minimum sample: 0

Trafico/s promediado/s en e:
Probabilidad de bloqueo estimada: 0.0291058
	Confidence interval 1: (0.0278843,0.0303273) with coverage: 0.95
	Confidence interval 2: (0.027164,0.0310476) with coverage: 0.999371
	Number of samples: 259158
	Variance: 0.0282588
	Standard deviation: 0.168103
	Maximum sample: 1
	Minimum sample: 0

