Semilla: 23
Tolerancia relativa: 0.002

Trafico/s promediado/s en a:
Probabilidad de bloqueo estimada: 0.206029
	Confidence interval 1: (0.205232,0.206827) with coverage: 0.95
	Confidence interval 2: (0.204442,0.207617) with coverage: 0.999934
	Number of samples: 3679808
	Variance: 0.163581
	Standard deviation: 0.404452
	Maximum sample: 1
	Minimum sample: 0

Trafico/s promediado/s en b:
Probabilidad de bloqueo estimada: 0.317544
	Confidence interval 1: (0.316489,0.318599) with coverage: 0.95
	Confidence interval 2: (0.316179,0.318909) with coverage: 0.98747
	Number of samples: 1838715
	Variance: 0.21671
	Standard deviation: 0.465521
	Maximum sample: 1
	Minimum sample: 0

Trafico/s promediado/s en c:
Probabilidad de bloqueo estimada: 0.518297
	Confidence interval 1: (0.517516,0.519078) with coverage: 0.95
	Confidence interval 2: (0.517333,0.51926) with coverage: 0.983088
	Number of samples: 2300126
	Variance: 0.249665
	Standard deviation: 0.499665
	Maximum sample: 1
	Minimum sample: 0

Trafico/s promediado/s en d:
Probabilidad de bloqueo estimada: 0.377732
	Confidence interval 1: (0.376994,0.378471) with coverage: 0.95
	Confidence interval 2: (0.376488,0.378977) with coverage: 0.998679
	Number of samples: 3676677
	Variance: 0.235051
	Standard deviation: 0.48482
	Maximum sample: 1
	Minimum sample: 0

Trafico/s promediado/s en e:
Probabilidad de bloqueo estimada: 0.545321
	Confidence interval 1: (0.544462,0.546179) with coverage: 0.95
	Confidence interval 2: (0.544411,0.54623) with coverage: 0.961405
	Number of samples: 2298506
	Variance: 0.247946
	Standard deviation: 0.497942
	Maximum sample: 1
	Minimum sample: 0

