Semilla: 23
Tolerancia relativa: 0.002

Trafico/s promediado/s en a:
Probabilidad de bloqueo estimada: 0.118027
	Confidence interval 1: (0.117464,0.11859) with coverage: 0.95
	Confidence interval 2: (0.116263,0.119791) with coverage: 0.999998
	Number of samples: 2899015
	Variance: 0.104097
	Standard deviation: 0.322641
	Maximum sample: 1
	Minimum sample: 0

Trafico/s promediado/s en b:
Probabilidad de bloqueo estimada: 0.228812
	Confidence interval 1: (0.227801,0.229823) with coverage: 0.95
	Confidence interval 2: (0.22727,0.230354) with coverage: 0.998238
	Number of samples: 1446319
	Variance: 0.176457
	Standard deviation: 0.420068
	Maximum sample: 1
	Minimum sample: 0

Trafico/s promediado/s en c:
Probabilidad de bloqueo estimada: 0.370649
	Confidence interval 1: (0.369593,0.371704) with coverage: 0.95
	Confidence interval 2: (0.36939,0.371907) with coverage: 0.979352
	Number of samples: 1809415
	Variance: 0.233268
	Standard deviation: 0.482979
	Maximum sample: 1
	Minimum sample: 0

Trafico/s promediado/s en d:
Probabilidad de bloqueo estimada: 0.225478
	Confidence interval 1: (0.224615,0.22634) with coverage: 0.95
	Confidence interval 2: (0.223928,0.227027) with coverage: 0.999399
	Number of samples: 2896147
	Variance: 0.174637
	Standard deviation: 0.417896
	Maximum sample: 1
	Minimum sample: 0

Trafico/s promediado/s en e:
Probabilidad de bloqueo estimada: 0.417129
	Confidence interval 1: (0.416035,0.418223) with coverage: 0.95
	Confidence interval 2: (0.415963,0.418295) with coverage: 0.962534
	Number of samples: 1810244
	Variance: 0.243133
	Standard deviation: 0.493085
	Maximum sample: 1
	Minimum sample: 0

