Semilla: 23
Tolerancia relativa: 0.002

Trafico/s promediado/s en a:
Probabilidad de bloqueo estimada: 0.0779022
	Confidence interval 1: (0.0773501,0.0784543) with coverage: 0.95
	Confidence interval 2: (0.076058,0.0797464) with coverage: 0.999998
	Number of samples: 2952778
	Variance: 0.0718335
	Standard deviation: 0.268018
	Maximum sample: 1
	Minimum sample: 0

Trafico/s promediado/s en b:
Probabilidad de bloqueo estimada: 0.0482808
	Confidence interval 1: (0.0475742,0.0489874) with coverage: 0.95
	Confidence interval 2: (0.0463773,0.0501842) with coverage: 0.999999
	Number of samples: 1475784
	Variance: 0.0459498
	Standard deviation: 0.214359
	Maximum sample: 1
	Minimum sample: 0

Trafico/s promediado/s en c:
Probabilidad de bloqueo estimada: 0.193424
	Confidence interval 1: (0.191975,0.194874) with coverage: 0.95
	Confidence interval 2: (0.191811,0.195038) with coverage: 0.969632
	Number of samples: 737280
	Variance: 0.156012
	Standard deviation: 0.394983
	Maximum sample: 1
	Minimum sample: 0

Trafico/s promediado/s en d:
Probabilidad de bloqueo estimada: 0.150343
	Confidence interval 1: (0.149462,0.151224) with coverage: 0.95
	Confidence interval 2: (0.148643,0.152042) with coverage: 0.999826
	Number of samples: 2214360
	Variance: 0.12774
	Standard deviation: 0.357407
	Maximum sample: 1
	Minimum sample: 0

Trafico/s promediado/s en e:
Probabilidad de bloqueo estimada: 0.0940851
	Confidence interval 1: (0.092693,0.0954773) with coverage: 0.95
	Confidence interval 2: (0.0922733,0.095897) with coverage: 0.987883
	Number of samples: 738799
	Variance: 0.0852332
	Standard deviation: 0.291947
	Maximum sample: 1
	Minimum sample: 0

