Semilla: 23
Tolerancia relativa: 0.002

Trafico/s promediado/s en a:
Probabilidad de bloqueo estimada: 0.0670559
	Confidence interval 1: (0.0662465,0.0678653) with coverage: 0.95
	Confidence interval 2: (0.06519,0.0689218) with coverage: 0.999983
	Number of samples: 1640840
	Variance: 0.0625594
	Standard deviation: 0.250119
	Maximum sample: 1
	Minimum sample: 0

Trafico/s promediado/s en b:
Probabilidad de bloqueo estimada: 0.039698
	Confidence interval 1: (0.0388057,0.0405902) with coverage: 0.95
	Confidence interval 2: (0.0377774,0.0416186) with coverage: 0.999937
	Number of samples: 820344
	Variance: 0.0381221
	Standard deviation: 0.195249
	Maximum sample: 1
	Minimum sample: 0

Trafico/s promediado/s en c:
Probabilidad de bloqueo estimada: 0.168015
	Confidence interval 1: (0.166586,0.169445) with coverage: 0.95
	Confidence interval 2: (0.166351,0.169679) with coverage: 0.976217
	Number of samples: 409600
	Variance: 0.139786
	Standard deviation: 0.37388
	Maximum sample: 1
	Minimum sample: 0

Trafico/s promediado/s en d:
Probabilidad de bloqueo estimada: 0.128706
	Confidence interval 1: (0.127663,0.129749) with coverage: 0.95
	Confidence interval 2: (0.126963,0.130449) with coverage: 0.99854
	Number of samples: 1232973
	Variance: 0.112141
	Standard deviation: 0.334874
	Maximum sample: 1
	Minimum sample: 0

Trafico/s promediado/s en e:
Probabilidad de bloqueo estimada: 0.0773787
	Confidence interval 1: (0.0759179,0.0788396) with coverage: 0.95
	Confidence interval 2: (0.0755335,0.079224) with coverage: 0.985247
	Number of samples: 410733
	Variance: 0.0713914
	Standard deviation: 0.267192
	Maximum sample: 1
	Minimum sample: 0

