Semilla: 23
Tolerancia relativa: 0.002

Trafico/s promediado/s en a:
Probabilidad de bloqueo estimada: 0.102645
	Confidence interval 1: (0.102269,0.10302) with coverage: 0.95
	Confidence interval 2: (0.10085,0.104439) with coverage: 0.999998
	Number of samples: 11619758
	Variance: 0.0921087
	Standard deviation: 0.303494
	Maximum sample: 1
	Minimum sample: 0

Trafico/s promediado/s en b:
Probabilidad de bloqueo estimada: 0.0258986
	Confidence interval 1: (0.0256769,0.0261203) with coverage: 0.95
	Confidence interval 2: (0.0239504,0.0278468) with coverage: 0.999998
	Number of samples: 11622603
	Variance: 0.0252279
	Standard deviation: 0.158833
	Maximum sample: 1
	Minimum sample: 0

Trafico/s promediado/s en c:
Probabilidad de bloqueo estimada: 0.194994
	Confidence interval 1: (0.194505,0.195483) with coverage: 0.95
	Confidence interval 2: (0.193384,0.196604) with coverage: 0.999998
	Number of samples: 5813901
	Variance: 0.156971
	Standard deviation: 0.396196
	Maximum sample: 1
	Minimum sample: 0

Trafico/s promediado/s en d:
Probabilidad de bloqueo estimada: 0.522039
	Confidence interval 1: (0.521675,0.522404) with coverage: 0.95
	Confidence interval 2: (0.521083,0.522995) with coverage: 0.999997
	Number of samples: 5812847
	Variance: 0.249514
	Standard deviation: 0.499514
	Maximum sample: 1
	Minimum sample: 0

Trafico/s promediado/s en e:
Probabilidad de bloqueo estimada: 0.570132
	Confidence interval 1: (0.569744,0.57052) with coverage: 0.95
	Confidence interval 2: (0.569272,0.570991) with coverage: 0.999956
	Number of samples: 11625809
	Variance: 0.245082
	Standard deviation: 0.495057
	Maximum sample: 1
	Minimum sample: 0

Trafico/s promediado/s en f:
Probabilidad de bloqueo estimada: 0.192017
	Confidence interval 1: (0.191368,0.192666) with coverage: 0.95
	Confidence interval 2: (0.190401,0.193633) with coverage: 0.999991
	Number of samples: 5806489
	Variance: 0.155146
	Standard deviation: 0.393886
	Maximum sample: 1
	Minimum sample: 0

Trafico/s promediado/s en g:
Probabilidad de bloqueo estimada: 0.0500568
	Confidence interval 1: (0.0495775,0.0505362) with coverage: 0.95
	Confidence interval 2: (0.048157,0.0519567) with coverage: 0.999998
	Number of samples: 5812792
	Variance: 0.0475512
	Standard deviation: 0.218062
	Maximum sample: 1
	Minimum sample: 0

Trafico/s promediado/s en h:
Probabilidad de bloqueo estimada: 0.614388
	Confidence interval 1: (0.614,0.614775) with coverage: 0.95
	Confidence interval 2: (0.613616,0.615159) with coverage: 0.999931
	Number of samples: 11616017
	Variance: 0.236916
	Standard deviation: 0.48674
	Maximum sample: 1
	Minimum sample: 0

Trafico/s promediado/s en i:
Probabilidad de bloqueo estimada: 0.771132
	Confidence interval 1: (0.770752,0.771511) with coverage: 0.95
	Confidence interval 2: (0.770674,0.771589) with coverage: 0.980586
	Number of samples: 2908235
	Variance: 0.176488
	Standard deviation: 0.420104
	Maximum sample: 1
	Minimum sample: 0

Trafico/s promediado/s en j:
Probabilidad de bloqueo estimada: 0.349518
	Confidence interval 1: (0.348791,0.350245) with coverage: 0.95
	Confidence interval 2: (0.348217,0.350819) with coverage: 0.999368
	Number of samples: 2904417
	Variance: 0.227355
	Standard deviation: 0.476818
	Maximum sample: 1
	Minimum sample: 0

