Semilla: 23
Tolerancia relativa: 0.002

Trafico/s promediado/s en a:
Probabilidad de bloqueo estimada: 0.186647
	Confidence interval 1: (0.185907,0.187387) with coverage: 0.95
	Confidence interval 2: (0.18502,0.188274) with coverage: 0.999949
	Number of samples: 2689726
	Variance: 0.15181
	Standard deviation: 0.389628
	Maximum sample: 1
	Minimum sample: 0

Trafico/s promediado/s en b:
Probabilidad de bloqueo estimada: 0.449099
	Confidence interval 1: (0.448009,0.450189) with coverage: 0.95
	Confidence interval 2: (0.447997,0.450201) with coverage: 0.952154
	Number of samples: 1345324
	Variance: 0.247409
	Standard deviation: 0.497403
	Maximum sample: 1
	Minimum sample: 0

Trafico/s promediado/s en c:
Probabilidad de bloqueo estimada: 0.335224
	Confidence interval 1: (0.334463,0.335984) with coverage: 0.95
	Confidence interval 2: (0.333894,0.336553) with coverage: 0.999135
	Number of samples: 4039143
	Variance: 0.222849
	Standard deviation: 0.472069
	Maximum sample: 1
	Minimum sample: 0

Trafico/s promediado/s en d:
Probabilidad de bloqueo estimada: 0.54994
	Confidence interval 1: (0.549229,0.55065) with coverage: 0.95
	Confidence interval 2: (0.54904,0.55084) with coverage: 0.985522
	Number of samples: 2690700
	Variance: 0.247506
	Standard deviation: 0.4975
	Maximum sample: 1
	Minimum sample: 0

Trafico/s promediado/s en e:
Probabilidad de bloqueo estimada: 0.549645
	Confidence interval 1: (0.548788,0.550503) with coverage: 0.95
	Confidence interval 2: (0.548745,0.550546) with coverage: 0.960091
	Number of samples: 2693498
	Variance: 0.247535
	Standard deviation: 0.497529
	Maximum sample: 1
	Minimum sample: 0

Trafico/s promediado/s en f:
Probabilidad de bloqueo estimada: 0.695553
	Confidence interval 1: (0.694948,0.696159) with coverage: 0.95
	Confidence interval 2: (0.694945,0.696162) with coverage: 0.951175
	Number of samples: 3363418
	Variance: 0.211759
	Standard deviation: 0.460173
	Maximum sample: 1
	Minimum sample: 0

