Semilla: 23
Tolerancia relativa: 0.002

Trafico/s promediado/s en a:
Probabilidad de bloqueo estimada: 0.368531
	Confidence interval 1: (0.368029,0.369033) with coverage: 0.95
	Confidence interval 2: (0.367268,0.369794) with coverage: 0.999992
	Number of samples: 5899935
	Variance: 0.232716
	Standard deviation: 0.482406
	Maximum sample: 1
	Minimum sample: 0

Trafico/s promediado/s en b:
Probabilidad de bloqueo estimada: 0.574579
	Confidence interval 1: (0.573894,0.575264) with coverage: 0.95
	Confidence interval 2: (0.573728,0.57543) with coverage: 0.983718
	Number of samples: 2949365
	Variance: 0.244438
	Standard deviation: 0.494407
	Maximum sample: 1
	Minimum sample: 0

Trafico/s promediado/s en c:
Probabilidad de bloqueo estimada: 0.599006
	Confidence interval 1: (0.598603,0.59941) with coverage: 0.95
	Confidence interval 2: (0.598204,0.599808) with coverage: 0.999926
	Number of samples: 8849005
	Variance: 0.240198
	Standard deviation: 0.4901
	Maximum sample: 1
	Minimum sample: 0

Trafico/s promediado/s en d:
Probabilidad de bloqueo estimada: 0.729927
	Confidence interval 1: (0.729492,0.730362) with coverage: 0.95
	Confidence interval 2: (0.729387,0.730467) with coverage: 0.983722
	Number of samples: 5898240
	Variance: 0.197134
	Standard deviation: 0.443997
	Maximum sample: 1
	Minimum sample: 0

Trafico/s promediado/s en e:
Probabilidad de bloqueo estimada: 0.730037
	Confidence interval 1: (0.72956,0.730513) with coverage: 0.95
	Confidence interval 2: (0.729497,0.730577) with coverage: 0.972387
	Number of samples: 5899343
	Variance: 0.197083
	Standard deviation: 0.44394
	Maximum sample: 1
	Minimum sample: 0

Trafico/s promediado/s en f:
Probabilidad de bloqueo estimada: 0.817958
	Confidence interval 1: (0.817674,0.818241) with coverage: 0.95
	Confidence interval 2: (0.817593,0.818322) with coverage: 0.986698
	Number of samples: 7372429
	Variance: 0.148903
	Standard deviation: 0.38588
	Maximum sample: 1
	Minimum sample: 0

