Semilla: 23
Tolerancia relativa: 0.002

Trafico/s promediado/s en a:
Probabilidad de bloqueo estimada: 0.378351
	Confidence interval 1: (0.377807,0.378894) with coverage: 0.95
	Confidence interval 2: (0.377107,0.379594) with coverage: 0.99998
	Number of samples: 4717041
	Variance: 0.235201
	Standard deviation: 0.484976
	Maximum sample: 1
	Minimum sample: 0

Trafico/s promediado/s en b:
Probabilidad de bloqueo estimada: 0.581219
	Confidence interval 1: (0.580435,0.582003) with coverage: 0.95
	Confidence interval 2: (0.580381,0.582056) with coverage: 0.962978
	Number of samples: 2357501
	Variance: 0.243404
	Standard deviation: 0.49336
	Maximum sample: 1
	Minimum sample: 0

Trafico/s promediado/s en c:
Probabilidad de bloqueo estimada: 0.611513
	Confidence interval 1: (0.610973,0.612053) with coverage: 0.95
	Confidence interval 2: (0.610736,0.61229) with coverage: 0.996032
	Number of samples: 7078462
	Variance: 0.237565
	Standard deviation: 0.487406
	Maximum sample: 1
	Minimum sample: 0

Trafico/s promediado/s en d:
Probabilidad de bloqueo estimada: 0.73837
	Confidence interval 1: (0.737887,0.738854) with coverage: 0.95
	Confidence interval 2: (0.737847,0.738894) with coverage: 0.965235
	Number of samples: 4715966
	Variance: 0.19318
	Standard deviation: 0.439522
	Maximum sample: 1
	Minimum sample: 0

Trafico/s promediado/s en e:
Probabilidad de bloqueo estimada: 0.738186
	Confidence interval 1: (0.737733,0.73864) with coverage: 0.95
	Confidence interval 2: (0.737663,0.73871) with coverage: 0.975299
	Number of samples: 4717740
	Variance: 0.193267
	Standard deviation: 0.439622
	Maximum sample: 1
	Minimum sample: 0

Trafico/s promediado/s en f:
Probabilidad de bloqueo estimada: 0.823905
	Confidence interval 1: (0.823594,0.824216) with coverage: 0.95
	Confidence interval 2: (0.823553,0.824257) with coverage: 0.972146
	Number of samples: 5898240
	Variance: 0.145086
	Standard deviation: 0.380901
	Maximum sample: 1
	Minimum sample: 0

