Semilla: 23
Tolerancia relativa: 0.002

Trafico/s promediado/s en a:
Probabilidad de bloqueo estimada: 0.335571
	Confidence interval 1: (0.335106,0.336035) with coverage: 0.95
	Confidence interval 2: (0.334242,0.336899) with coverage: 0.999998
	Number of samples: 4718191
	Variance: 0.222963
	Standard deviation: 0.47219
	Maximum sample: 1
	Minimum sample: 0

Trafico/s promediado/s en b:
Probabilidad de bloqueo estimada: 0.5525
	Confidence interval 1: (0.551756,0.553245) with coverage: 0.95
	Confidence interval 2: (0.551605,0.553395) with coverage: 0.980259
	Number of samples: 2359025
	Variance: 0.247244
	Standard deviation: 0.497236
	Maximum sample: 1
	Minimum sample: 0

Trafico/s promediado/s en c:
Probabilidad de bloqueo estimada: 0.555756
	Confidence interval 1: (0.555128,0.556384) with coverage: 0.95
	Confidence interval 2: (0.554867,0.556644) with coverage: 0.9952
	Number of samples: 7078642
	Variance: 0.246891
	Standard deviation: 0.496882
	Maximum sample: 1
	Minimum sample: 0

Trafico/s promediado/s en d:
Probabilidad de bloqueo estimada: 0.701687
	Confidence interval 1: (0.701215,0.70216) with coverage: 0.95
	Confidence interval 2: (0.701091,0.702284) with coverage: 0.985165
	Number of samples: 4718227
	Variance: 0.209322
	Standard deviation: 0.457518
	Maximum sample: 1
	Minimum sample: 0

Trafico/s promediado/s en e:
Probabilidad de bloqueo estimada: 0.701542
	Confidence interval 1: (0.701115,0.701969) with coverage: 0.95
	Confidence interval 2: (0.700945,0.702139) with coverage: 0.994568
	Number of samples: 4719110
	Variance: 0.209381
	Standard deviation: 0.457582
	Maximum sample: 1
	Minimum sample: 0

Trafico/s promediado/s en f:
Probabilidad de bloqueo estimada: 0.799202
	Confidence interval 1: (0.798833,0.799571) with coverage: 0.95
	Confidence interval 2: (0.798801,0.799604) with coverage: 0.966112
	Number of samples: 5898240
	Variance: 0.160478
	Standard deviation: 0.400597
	Maximum sample: 1
	Minimum sample: 0

