Semilla: 23
Tolerancia relativa: 0.002

Trafico/s promediado/s en a:
Probabilidad de bloqueo estimada: 0.346918
	Confidence interval 1: (0.346472,0.347365) with coverage: 0.95
	Confidence interval 2: (0.345612,0.348225) with coverage: 0.999998
	Number of samples: 4469993
	Variance: 0.226566
	Standard deviation: 0.47599
	Maximum sample: 1
	Minimum sample: 0

Trafico/s promediado/s en b:
Probabilidad de bloqueo estimada: 0.56042
	Confidence interval 1: (0.559571,0.561269) with coverage: 0.95
	Confidence interval 2: (0.559541,0.561299) with coverage: 0.956959
	Number of samples: 2234262
	Variance: 0.24635
	Standard deviation: 0.496336
	Maximum sample: 1
	Minimum sample: 0

Trafico/s promediado/s en c:
Probabilidad de bloqueo estimada: 0.571054
	Confidence interval 1: (0.570485,0.571622) with coverage: 0.95
	Confidence interval 2: (0.570196,0.571912) with coverage: 0.99793
	Number of samples: 6704211
	Variance: 0.244951
	Standard deviation: 0.494926
	Maximum sample: 1
	Minimum sample: 0

Trafico/s promediado/s en d:
Probabilidad de bloqueo estimada: 0.711404
	Confidence interval 1: (0.710876,0.711931) with coverage: 0.95
	Confidence interval 2: (0.710827,0.711981) with coverage: 0.967172
	Number of samples: 4467961
	Variance: 0.205309
	Standard deviation: 0.45311
	Maximum sample: 1
	Minimum sample: 0

Trafico/s promediado/s en e:
Probabilidad de bloqueo estimada: 0.711505
	Confidence interval 1: (0.711126,0.711884) with coverage: 0.95
	Confidence interval 2: (0.710928,0.712082) with coverage: 0.998144
	Number of samples: 4470834
	Variance: 0.205266
	Standard deviation: 0.453063
	Maximum sample: 1
	Minimum sample: 0

Trafico/s promediado/s en f:
Probabilidad de bloqueo estimada: 0.806001
	Confidence interval 1: (0.805659,0.806343) with coverage: 0.95
	Confidence interval 2: (0.805613,0.806389) with coverage: 0.972557
	Number of samples: 5586208
	Variance: 0.156363
	Standard deviation: 0.395428
	Maximum sample: 1
	Minimum sample: 0

