Semilla: 23
Tolerancia relativa: 0.002

Trafico/s promediado/s en a:
Probabilidad de bloqueo estimada: 0.283864
	Confidence interval 1: (0.2832,0.284527) with coverage: 0.95
	Confidence interval 2: (0.282431,0.285296) with coverage: 0.999929
	Number of samples: 2950271
	Variance: 0.203285
	Standard deviation: 0.450872
	Maximum sample: 1
	Minimum sample: 0

Trafico/s promediado/s en b:
Probabilidad de bloqueo estimada: 0.518352
	Confidence interval 1: (0.517431,0.519274) with coverage: 0.95
	Confidence interval 2: (0.517389,0.519316) with coverage: 0.959128
	Number of samples: 1473833
	Variance: 0.249663
	Standard deviation: 0.499663
	Maximum sample: 1
	Minimum sample: 0

Trafico/s promediado/s en c:
Probabilidad de bloqueo estimada: 0.484835
	Confidence interval 1: (0.484114,0.485557) with coverage: 0.95
	Confidence interval 2: (0.483805,0.485866) with coverage: 0.995665
	Number of samples: 4426321
	Variance: 0.24977
	Standard deviation: 0.49977
	Maximum sample: 1
	Minimum sample: 0

Trafico/s promediado/s en d:
Probabilidad de bloqueo estimada: 0.653941
	Confidence interval 1: (0.653313,0.654569) with coverage: 0.95
	Confidence interval 2: (0.653249,0.654633) with coverage: 0.968201
	Number of samples: 2949120
	Variance: 0.226302
	Standard deviation: 0.475712
	Maximum sample: 1
	Minimum sample: 0

Trafico/s promediado/s en e:
Probabilidad de bloqueo estimada: 0.65336
	Confidence interval 1: (0.652812,0.653909) with coverage: 0.95
	Confidence interval 2: (0.652667,0.654054) with coverage: 0.985232
	Number of samples: 2951181
	Variance: 0.226481
	Standard deviation: 0.4759
	Maximum sample: 1
	Minimum sample: 0

Trafico/s promediado/s en f:
Probabilidad de bloqueo estimada: 0.766912
	Confidence interval 1: (0.766492,0.767332) with coverage: 0.95
	Confidence interval 2: (0.766446,0.767378) with coverage: 0.969242
	Number of samples: 3685682
	Variance: 0.178758
	Standard deviation: 0.422798
	Maximum sample: 1
	Minimum sample: 0

