Semilla: 23
Tolerancia relativa: 0.002

Trafico/s promediado/s en a:
Probabilidad de bloqueo estimada: 0.323702
	Confidence interval 1: (0.323081,0.324323) with coverage: 0.95
	Confidence interval 2: (0.32235,0.325055) with coverage: 0.999939
	Number of samples: 4912955
	Variance: 0.218919
	Standard deviation: 0.467888
	Maximum sample: 1
	Minimum sample: 0

Trafico/s promediado/s en b:
Probabilidad de bloqueo estimada: 0.544991
	Confidence interval 1: (0.544217,0.545766) with coverage: 0.95
	Confidence interval 2: (0.544081,0.545901) with coverage: 0.977403
	Number of samples: 2457600
	Variance: 0.247976
	Standard deviation: 0.497972
	Maximum sample: 1
	Minimum sample: 0

Trafico/s promediado/s en c:
Probabilidad de bloqueo estimada: 0.539944
	Confidence interval 1: (0.539332,0.540556) with coverage: 0.95
	Confidence interval 2: (0.539024,0.540864) with coverage: 0.997744
	Number of samples: 7374386
	Variance: 0.248405
	Standard deviation: 0.498402
	Maximum sample: 1
	Minimum sample: 0

Trafico/s promediado/s en d:
Probabilidad de bloqueo estimada: 0.690794
	Confidence interval 1: (0.690185,0.691403) with coverage: 0.95
	Confidence interval 2: (0.690176,0.691413) with coverage: 0.953024
	Number of samples: 4913046
	Variance: 0.213598
	Standard deviation: 0.462166
	Maximum sample: 1
	Minimum sample: 0

Trafico/s promediado/s en e:
Probabilidad de bloqueo estimada: 0.690807
	Confidence interval 1: (0.690376,0.691238) with coverage: 0.95
	Confidence interval 2: (0.690188,0.691425) with coverage: 0.995944
	Number of samples: 4914801
	Variance: 0.213593
	Standard deviation: 0.462161
	Maximum sample: 1
	Minimum sample: 0

Trafico/s promediado/s en f:
Probabilidad de bloqueo estimada: 0.791875
	Confidence interval 1: (0.79155,0.792199) with coverage: 0.95
	Confidence interval 2: (0.791459,0.792291) with coverage: 0.986615
	Number of samples: 6143395
	Variance: 0.164809
	Standard deviation: 0.405967
	Maximum sample: 1
	Minimum sample: 0

