Semilla: 23
Tolerancia relativa: 0.002

Trafico/s promediado/s en a:
Probabilidad de bloqueo estimada: 0.0709905
	Confidence interval 1: (0.0702836,0.0716974) with coverage: 0.95
	Confidence interval 2: (0.0691325,0.0728486) with coverage: 0.999997
	Number of samples: 2226663
	Variance: 0.0659509
	Standard deviation: 0.256809
	Maximum sample: 1
	Minimum sample: 0

Trafico/s promediado/s en b:
Probabilidad de bloqueo estimada: 0.206344
	Confidence interval 1: (0.205388,0.2073) with coverage: 0.95
	Confidence interval 2: (0.204757,0.207931) with coverage: 0.998433
	Number of samples: 1114013
	Variance: 0.163766
	Standard deviation: 0.404681
	Maximum sample: 1
	Minimum sample: 0

Trafico/s promediado/s en c:
Probabilidad de bloqueo estimada: 0.261301
	Confidence interval 1: (0.260255,0.262346) with coverage: 0.95
	Confidence interval 2: (0.259823,0.262778) with coverage: 0.99509
	Number of samples: 1112795
	Variance: 0.193023
	Standard deviation: 0.439344
	Maximum sample: 1
	Minimum sample: 0

Trafico/s promediado/s en d:
Probabilidad de bloqueo estimada: 0.135529
	Confidence interval 1: (0.134512,0.136546) with coverage: 0.95
	Confidence interval 2: (0.1338,0.137258) with coverage: 0.998803
	Number of samples: 1670460
	Variance: 0.117161
	Standard deviation: 0.342288
	Maximum sample: 1
	Minimum sample: 0

Trafico/s promediado/s en e:
Probabilidad de bloqueo estimada: 0.368669
	Confidence interval 1: (0.367524,0.369815) with coverage: 0.95
	Confidence interval 2: (0.367407,0.369932) with coverage: 0.968271
	Number of samples: 1114720
	Variance: 0.232752
	Standard deviation: 0.482444
	Maximum sample: 1
	Minimum sample: 0

