Semilla: 23
Tolerancia relativa: 0.002

Trafico/s promediado/s en a:
Probabilidad de bloqueo estimada: 0.147427
	Confidence interval 1: (0.146663,0.148192) with coverage: 0.95
	Confidence interval 2: (0.145722,0.149132) with coverage: 0.999962
	Number of samples: 3005565
	Variance: 0.125692
	Standard deviation: 0.354531
	Maximum sample: 1
	Minimum sample: 0

Trafico/s promediado/s en b:
Probabilidad de bloqueo estimada: 0.286512
	Confidence interval 1: (0.285597,0.287426) with coverage: 0.95
	Confidence interval 2: (0.285085,0.287939) with coverage: 0.998764
	Number of samples: 1502892
	Variance: 0.204423
	Standard deviation: 0.452131
	Maximum sample: 1
	Minimum sample: 0

Trafico/s promediado/s en c:
Probabilidad de bloqueo estimada: 0.389866
	Confidence interval 1: (0.38911,0.390622) with coverage: 0.95
	Confidence interval 2: (0.388646,0.391086) with coverage: 0.999623
	Number of samples: 1501767
	Variance: 0.237871
	Standard deviation: 0.48772
	Maximum sample: 1
	Minimum sample: 0

Trafico/s promediado/s en d:
Probabilidad de bloqueo estimada: 0.270906
	Confidence interval 1: (0.269882,0.27193) with coverage: 0.95
	Confidence interval 2: (0.269448,0.272364) with coverage: 0.995535
	Number of samples: 2254081
	Variance: 0.197516
	Standard deviation: 0.444428
	Maximum sample: 1
	Minimum sample: 0

Trafico/s promediado/s en e:
Probabilidad de bloqueo estimada: 0.48984
	Confidence interval 1: (0.488944,0.490735) with coverage: 0.95
	Confidence interval 2: (0.488819,0.49086) with coverage: 0.973228
	Number of samples: 1502363
	Variance: 0.249897
	Standard deviation: 0.499897
	Maximum sample: 1
	Minimum sample: 0

