Semilla: 23
Tolerancia relativa: 0.002

Trafico/s promediado/s en a:
Probabilidad de bloqueo estimada: 0.0451429
	Confidence interval 1: (0.0442856,0.0460002) with coverage: 0.95
	Confidence interval 2: (0.0432332,0.0470526) with coverage: 0.999961
	Number of samples: 983920
	Variance: 0.0431051
	Standard deviation: 0.207618
	Maximum sample: 1
	Minimum sample: 0

Trafico/s promediado/s en b:
Probabilidad de bloqueo estimada: 0.166193
	Confidence interval 1: (0.164804,0.167581) with coverage: 0.95
	Confidence interval 2: (0.164525,0.16786) with coverage: 0.980175
	Number of samples: 491520
	Variance: 0.138573
	Standard deviation: 0.372254
	Maximum sample: 1
	Minimum sample: 0

Trafico/s promediado/s en c:
Probabilidad de bloqueo estimada: 0.0699138
	Confidence interval 1: (0.0685763,0.0712513) with coverage: 0.95
	Confidence interval 2: (0.0680536,0.071774) with coverage: 0.994321
	Number of samples: 491677
	Variance: 0.065026
	Standard deviation: 0.255002
	Maximum sample: 1
	Minimum sample: 0

Trafico/s promediado/s en d:
Probabilidad de bloqueo estimada: 0.0698583
	Confidence interval 1: (0.0686057,0.0711108) with coverage: 0.95
	Confidence interval 2: (0.067998,0.0717186) with coverage: 0.997281
	Number of samples: 737937
	Variance: 0.0649782
	Standard deviation: 0.254908
	Maximum sample: 1
	Minimum sample: 0

Trafico/s promediado/s en e:
Probabilidad de bloqueo estimada: 0.168348
	Confidence interval 1: (0.166759,0.169936) with coverage: 0.95
	Confidence interval 2: (0.166684,0.170011) with coverage: 0.959329
	Number of samples: 491816
	Variance: 0.140007
	Standard deviation: 0.374175
	Maximum sample: 1
	Minimum sample: 0

