Semilla: 23
Tolerancia relativa: 0.002

Trafico/s promediado/s en a:
Probabilidad de bloqueo estimada: 0.157027
	Confidence interval 1: (0.156142,0.157911) with coverage: 0.95
	Confidence interval 2: (0.155341,0.158713) with coverage: 0.999775
	Number of samples: 1721731
	Variance: 0.132369
	Standard deviation: 0.363826
	Maximum sample: 1
	Minimum sample: 0

Trafico/s promediado/s en b:
Probabilidad de bloqueo estimada: 0.303449
	Confidence interval 1: (0.302099,0.3048) with coverage: 0.95
	Confidence interval 2: (0.302056,0.304842) with coverage: 0.956215
	Number of samples: 860160
	Variance: 0.211368
	Standard deviation: 0.459748
	Maximum sample: 1
	Minimum sample: 0

Trafico/s promediado/s en c:
Probabilidad de bloqueo estimada: 0.214963
	Confidence interval 1: (0.213579,0.216348) with coverage: 0.95
	Confidence interval 2: (0.213393,0.216534) with coverage: 0.97247
	Number of samples: 860123
	Variance: 0.168754
	Standard deviation: 0.410797
	Maximum sample: 1
	Minimum sample: 0

Trafico/s promediado/s en d:
Probabilidad de bloqueo estimada: 0.246099
	Confidence interval 1: (0.244648,0.247549) with coverage: 0.95
	Confidence interval 2: (0.244591,0.247606) with coverage: 0.957785
	Number of samples: 1290093
	Variance: 0.185534
	Standard deviation: 0.430737
	Maximum sample: 1
	Minimum sample: 0

Trafico/s promediado/s en e:
Probabilidad de bloqueo estimada: 0.338031
	Confidence interval 1: (0.336769,0.339293) with coverage: 0.95
	Confidence interval 2: (0.336707,0.339355) with coverage: 0.959761
	Number of samples: 859711
	Variance: 0.223766
	Standard deviation: 0.473039
	Maximum sample: 1
	Minimum sample: 0

